<Message time='11.02.2018 13:47:54.279'>
  <Text>Process: id = 8184 cpu = 00:02:20.5781250, page = 119mb peak = 146mb, virtual = 782mb peak = 804mb, topics = 0</Text>
</Message>

<Message time='11.02.2018 13:49:30.438'>
  <Text>Çàâåðøåí ïîòîê ñ ìåòêîé 'Service'</Text>
</Message>

<Message time='11.02.2018 13:49:30.454'>
  <Text>Process: id = 8184 cpu = 00:02:22.2343750, page = 123mb peak = 146mb, virtual = 792mb peak = 804mb, topics = 24</Text>
</Message>

<!--================================================================================-->

<LogStarting time='11.02.2018 13:49:32.813'/>

<Message time='11.02.2018 13:49:33.516'>
  <Text>Подключения к базам данных успешно созданы</Text>
</Message>

<Message time='11.02.2018 13:49:33.789'>
  <Text>SitemapXmlChecker стартовал: d:\Projects\Basketball\Basketball\sitemap.xml</Text>
</Message>

<Message time='11.02.2018 13:49:33.799'>
  <Text>Process: id = 8184 cpu = 00:02:23.6875000, page = 120mb peak = 146mb, virtual = 791mb peak = 804mb, topics = 0</Text>
</Message>

<Message time='11.02.2018 13:50:55.043'>
  <Text>Çàâåðøåí ïîòîê ñ ìåòêîé 'Service'</Text>
</Message>

<Message time='11.02.2018 13:50:55.043'>
  <Text>Process: id = 8184 cpu = 00:02:25.1250000, page = 120mb peak = 146mb, virtual = 793mb peak = 804mb, topics = 11</Text>
</Message>

<!--================================================================================-->

<LogStarting time='11.02.2018 13:50:56.611'/>

<Message time='11.02.2018 13:50:57.334'>
  <Text>Подключения к базам данных успешно созданы</Text>
</Message>

<Message time='11.02.2018 13:50:57.597'>
  <Text>SitemapXmlChecker стартовал: d:\Projects\Basketball\Basketball\sitemap.xml</Text>
</Message>

<Message time='11.02.2018 13:50:57.611'>
  <Text>Process: id = 8184 cpu = 00:02:26.5312500, page = 121mb peak = 146mb, virtual = 795mb peak = 804mb, topics = 0</Text>
</Message>

<Message time='11.02.2018 13:53:35.558'>
  <Text>Çàâåðøåí ïîòîê ñ ìåòêîé 'Service'</Text>
</Message>

<Message time='11.02.2018 13:53:35.560'>
  <Text>Process: id = 8184 cpu = 00:02:26.8593750, page = 121mb peak = 146mb, virtual = 795mb peak = 804mb, topics = 0</Text>
</Message>

<!--================================================================================-->

<LogStarting time='11.02.2018 13:53:37.223'/>

<Message time='11.02.2018 13:53:37.945'>
  <Text>Подключения к базам данных успешно созданы</Text>
</Message>

<Message time='11.02.2018 13:53:38.212'>
  <Text>SitemapXmlChecker стартовал: d:\Projects\Basketball\Basketball\sitemap.xml</Text>
</Message>

<Message time='11.02.2018 13:53:38.224'>
  <Text>Process: id = 8184 cpu = 00:02:28.1875000, page = 123mb peak = 146mb, virtual = 797mb peak = 804mb, topics = 0</Text>
</Message>

<Message time='11.02.2018 13:54:12.197'>
  <Text>Çàâåðøåí ïîòîê ñ ìåòêîé 'Service'</Text>
</Message>

<Message time='11.02.2018 13:54:12.199'>
  <Text>Process: id = 8184 cpu = 00:02:28.5000000, page = 123mb peak = 146mb, virtual = 797mb peak = 804mb, topics = 0</Text>
</Message>

<!--================================================================================-->

<LogStarting time='11.02.2018 13:56:03.902'/>

<Message time='11.02.2018 13:56:04.215'>
  <Text>Подключения к базам данных успешно созданы</Text>
</Message>

<Message time='11.02.2018 13:56:04.477'>
  <Text>SitemapXmlChecker стартовал: d:\Projects\Basketball\Basketball\sitemap.xml</Text>
</Message>

<Message time='11.02.2018 13:56:04.486'>
  <Text>Process: id = 8184 cpu = 00:02:29.2656250, page = 124mb peak = 146mb, virtual = 795mb peak = 804mb, topics = 0</Text>
</Message>

<Message time='11.02.2018 13:56:14.026'>
  <Text>Çàâåðøåí ïîòîê ñ ìåòêîé 'Service'</Text>
</Message>

<Message time='11.02.2018 13:56:14.026'>
  <Text>Process: id = 8184 cpu = 00:02:30.7187500, page = 127mb peak = 146mb, virtual = 798mb peak = 804mb, topics = 11</Text>
</Message>

<!--================================================================================-->

<LogStarting time='11.02.2018 14:00:44.681'/>

<Message time='11.02.2018 14:00:45.426'>
  <Text>Подключения к базам данных успешно созданы</Text>
</Message>

<Message time='11.02.2018 14:00:45.695'>
  <Text>SitemapXmlChecker стартовал: d:\Projects\Basketball\Basketball\sitemap.xml</Text>
</Message>

<Message time='11.02.2018 14:00:45.704'>
  <Text>Process: id = 8184 cpu = 00:02:32.1562500, page = 128mb peak = 146mb, virtual = 800mb peak = 804mb, topics = 0</Text>
</Message>

<Message time='11.02.2018 14:01:34.431'>
  <Text>Çàâåðøåí ïîòîê ñ ìåòêîé 'Service'</Text>
</Message>

<Message time='11.02.2018 14:01:34.433'>
  <Text>Process: id = 8184 cpu = 00:02:33.9062500, page = 134mb peak = 146mb, virtual = 802mb peak = 804mb, topics = 24</Text>
</Message>

<!--================================================================================-->

<LogStarting time='11.02.2018 14:05:49.900'/>

<Message time='11.02.2018 14:05:50.654'>
  <Text>Подключения к базам данных успешно созданы</Text>
</Message>

<Message time='11.02.2018 14:05:50.908'>
  <Text>SitemapXmlChecker стартовал: d:\Projects\Basketball\Basketball\sitemap.xml</Text>
</Message>

<Message time='11.02.2018 14:05:50.917'>
  <Text>Process: id = 8184 cpu = 00:02:35.4062500, page = 117mb peak = 146mb, virtual = 789mb peak = 804mb, topics = 0</Text>
</Message>

<Message time='11.02.2018 14:06:44.904'>
  <Text>Çàâåðøåí ïîòîê ñ ìåòêîé 'Service'</Text>
</Message>

<Message time='11.02.2018 14:06:44.906'>
  <Text>Process: id = 8184 cpu = 00:02:36.9218750, page = 124mb peak = 146mb, virtual = 792mb peak = 804mb, topics = 24</Text>
</Message>

<!--================================================================================-->

<LogStarting time='11.02.2018 14:09:40.565'/>

<Message time='11.02.2018 14:09:41.359'>
  <Text>Подключения к базам данных успешно созданы</Text>
</Message>

<Message time='11.02.2018 14:09:41.633'>
  <Text>SitemapXmlChecker стартовал: d:\Projects\Basketball\Basketball\sitemap.xml</Text>
</Message>

<Message time='11.02.2018 14:09:41.641'>
  <Text>Process: id = 8184 cpu = 00:02:38.4218750, page = 117mb peak = 146mb, virtual = 789mb peak = 804mb, topics = 0</Text>
</Message>

<Message time='11.02.2018 14:11:37.007'>
  <Text>Çàâåðøåí ïîòîê ñ ìåòêîé 'Service'</Text>
</Message>

<Message time='11.02.2018 14:11:37.007'>
  <Text>Process: id = 8184 cpu = 00:02:39.7656250, page = 123mb peak = 146mb, virtual = 792mb peak = 804mb, topics = 24</Text>
</Message>

<!--================================================================================-->

<LogStarting time='11.02.2018 14:11:41.224'/>

<Message time='11.02.2018 14:11:42.109'>
  <Text>Подключения к базам данных успешно созданы</Text>
</Message>

<Message time='11.02.2018 14:11:42.446'>
  <Text>SitemapXmlChecker стартовал: d:\Projects\Basketball\Basketball\sitemap.xml</Text>
</Message>

<Message time='11.02.2018 14:11:42.455'>
  <Text>Process: id = 8184 cpu = 00:02:41.3750000, page = 121mb peak = 146mb, virtual = 794mb peak = 804mb, topics = 0</Text>
</Message>

<Message time='11.02.2018 14:13:09.416'>
  <Text>Çàâåðøåí ïîòîê ñ ìåòêîé 'Service'</Text>
</Message>

<Message time='11.02.2018 14:13:09.418'>
  <Text>Process: id = 8184 cpu = 00:02:43.0312500, page = 124mb peak = 146mb, virtual = 795mb peak = 804mb, topics = 11</Text>
</Message>

<!--================================================================================-->

<LogStarting time='11.02.2018 14:31:42.376'/>

<Message time='11.02.2018 14:31:43.049'>
  <Text>Подключения к базам данных успешно созданы</Text>
</Message>

<Message time='11.02.2018 14:31:43.356'>
  <Text>SitemapXmlChecker стартовал: d:\Projects\Basketball\Basketball\sitemap.xml</Text>
</Message>

<Message time='11.02.2018 14:31:43.371'>
  <Text>Process: id = 8184 cpu = 00:02:44.3906250, page = 125mb peak = 146mb, virtual = 796mb peak = 804mb, topics = 0</Text>
</Message>

<Message time='11.02.2018 14:31:57.967'>
  <Text>Çàâåðøåí ïîòîê ñ ìåòêîé 'Service'</Text>
</Message>

<Message time='11.02.2018 14:31:57.969'>
  <Text>Process: id = 8184 cpu = 00:02:45.7500000, page = 131mb peak = 146mb, virtual = 797mb peak = 804mb, topics = 24</Text>
</Message>

<!--================================================================================-->

<LogStarting time='11.02.2018 14:38:05.020'/>

<Message time='11.02.2018 14:38:05.729'>
  <Text>Подключения к базам данных успешно созданы</Text>
</Message>

<Message time='11.02.2018 14:38:06.076'>
  <Text>SitemapXmlChecker стартовал: d:\Projects\Basketball\Basketball\sitemap.xml</Text>
</Message>

<Message time='11.02.2018 14:38:06.090'>
  <Text>Process: id = 8184 cpu = 00:02:47.0937500, page = 129mb peak = 146mb, virtual = 799mb peak = 804mb, topics = 0</Text>
</Message>

<Message time='11.02.2018 14:41:06.077'>
  <Text>sitemap.xml успешно обновлен</Text>
</Message>

<Message time='11.02.2018 14:53:49.477'>
  <Text>Çàâåðøåí ïîòîê ñ ìåòêîé 'Service'</Text>
</Message>

<Message time='11.02.2018 14:53:49.477'>
  <Text>Process: id = 8184 cpu = 00:02:49, page = 120mb peak = 146mb, virtual = 789mb peak = 804mb, topics = 24</Text>
</Message>

<!--================================================================================-->

<LogStarting time='11.02.2018 14:54:11.681'/>

<Message time='11.02.2018 14:54:12.274'>
  <Text>Подключения к базам данных успешно созданы</Text>
</Message>

<Message time='11.02.2018 14:54:12.478'>
  <Text>SitemapXmlChecker стартовал: d:\Projects\Basketball\Basketball\sitemap.xml</Text>
</Message>

<Message time='11.02.2018 14:54:12.485'>
  <Text>Process: id = 8184 cpu = 00:02:50.3125000, page = 114mb peak = 146mb, virtual = 789mb peak = 804mb, topics = 0</Text>
</Message>

<Message time='11.02.2018 14:54:41.062'>
  <Text>Çàâåðøåí ïîòîê ñ ìåòêîé 'Service'</Text>
</Message>

<Message time='11.02.2018 14:54:41.062'>
  <Text>Process: id = 8184 cpu = 00:02:51.8750000, page = 115mb peak = 146mb, virtual = 789mb peak = 804mb, topics = 11</Text>
</Message>

<!--================================================================================-->

<LogStarting time='11.02.2018 14:54:43.754'/>

<Message time='11.02.2018 14:54:44.422'>
  <Text>Подключения к базам данных успешно созданы</Text>
</Message>

<Message time='11.02.2018 14:54:44.663'>
  <Text>SitemapXmlChecker стартовал: d:\Projects\Basketball\Basketball\sitemap.xml</Text>
</Message>

<Message time='11.02.2018 14:54:44.671'>
  <Text>Process: id = 8184 cpu = 00:02:53.2656250, page = 113mb peak = 146mb, virtual = 791mb peak = 804mb, topics = 0</Text>
</Message>

<Message time='11.02.2018 14:55:00.873'>
  <Text>Çàâåðøåí ïîòîê ñ ìåòêîé 'Service'</Text>
</Message>

<Message time='11.02.2018 14:55:00.876'>
  <Text>Process: id = 8184 cpu = 00:02:54.8750000, page = 110mb peak = 146mb, virtual = 789mb peak = 804mb, topics = 11</Text>
</Message>

<!--================================================================================-->

<LogStarting time='11.02.2018 14:55:13.713'/>

<Message time='11.02.2018 14:55:14.166'>
  <Text>Подключения к базам данных успешно созданы</Text>
</Message>

<Message time='11.02.2018 14:55:14.528'>
  <Text>SitemapXmlChecker стартовал: d:\Projects\Basketball\Basketball\sitemap.xml</Text>
</Message>

<Message time='11.02.2018 14:55:14.547'>
  <Text>Process: id = 8184 cpu = 00:02:55.7187500, page = 108mb peak = 146mb, virtual = 788mb peak = 804mb, topics = 0</Text>
</Message>

<Message time='11.02.2018 15:04:52.360'>
  <Text>Çàâåðøåí ïîòîê ñ ìåòêîé 'Service'</Text>
</Message>

<Message time='11.02.2018 15:04:52.362'>
  <Text>Process: id = 8184 cpu = 00:02:57.4531250, page = 110mb peak = 146mb, virtual = 787mb peak = 804mb, topics = 24</Text>
</Message>

<!--================================================================================-->

<LogStarting time='11.02.2018 15:04:56.536'/>

<Message time='11.02.2018 15:04:57.288'>
  <Text>Подключения к базам данных успешно созданы</Text>
</Message>

<Message time='11.02.2018 15:04:57.508'>
  <Text>SitemapXmlChecker стартовал: d:\Projects\Basketball\Basketball\sitemap.xml</Text>
</Message>

<Message time='11.02.2018 15:04:57.517'>
  <Text>Process: id = 8184 cpu = 00:02:58.7812500, page = 109mb peak = 146mb, virtual = 791mb peak = 804mb, topics = 0</Text>
</Message>

<Message time='11.02.2018 15:05:29.513'>
  <Text>Çàâåðøåí ïîòîê ñ ìåòêîé 'Service'</Text>
</Message>

<Message time='11.02.2018 15:05:29.515'>
  <Text>Process: id = 8184 cpu = 00:03:00.2968750, page = 112mb peak = 146mb, virtual = 789mb peak = 804mb, topics = 24</Text>
</Message>

<!--================================================================================-->

<LogStarting time='11.02.2018 16:00:12.463'/>

<Message time='11.02.2018 16:00:13.044'>
  <Text>Подключения к базам данных успешно созданы</Text>
</Message>

<Message time='11.02.2018 16:00:13.360'>
  <Text>SitemapXmlChecker стартовал: d:\Projects\Basketball\Basketball\sitemap.xml</Text>
</Message>

<Message time='11.02.2018 16:00:13.368'>
  <Text>Process: id = 8184 cpu = 00:03:01.6562500, page = 113mb peak = 146mb, virtual = 789mb peak = 804mb, topics = 0</Text>
</Message>

<Message time='11.02.2018 16:00:39.126'>
  <Text>Çàâåðøåí ïîòîê ñ ìåòêîé 'Service'</Text>
</Message>

<Message time='11.02.2018 16:00:39.129'>
  <Text>Process: id = 8184 cpu = 00:03:03.2500000, page = 102mb peak = 146mb, virtual = 790mb peak = 804mb, topics = 24</Text>
</Message>

<!--================================================================================-->

<LogStarting time='13.02.2018 15:34:19.293'/>

<Message time='13.02.2018 15:34:20.485'>
  <Text>Подключения к базам данных успешно созданы</Text>
</Message>

<Message time='13.02.2018 15:34:21.085'>
  <Text>SitemapXmlChecker стартовал: d:\Projects\Basketball\Basketball\sitemap.xml</Text>
</Message>

<Message time='13.02.2018 15:34:21.184'>
  <Text>Process: id = 8184 cpu = 00:03:04.3906250, page = 101mb peak = 146mb, virtual = 786mb peak = 804mb, topics = 0</Text>
</Message>

<Message time='13.02.2018 15:37:21.086'>
  <Text>sitemap.xml успешно обновлен</Text>
</Message>

<Message time='13.02.2018 16:34:21.179'>
  <Text>Process: id = 8184 cpu = 00:03:06.0156250, page = 103mb peak = 146mb, virtual = 786mb peak = 804mb, topics = 24</Text>
</Message>

<Message time='13.02.2018 17:34:21.181'>
  <Text>Process: id = 8184 cpu = 00:03:06.0781250, page = 104mb peak = 146mb, virtual = 787mb peak = 804mb, topics = 24</Text>
</Message>

<Message time='13.02.2018 18:34:21.189'>
  <Text>Process: id = 8184 cpu = 00:03:06.2031250, page = 105mb peak = 146mb, virtual = 788mb peak = 804mb, topics = 24</Text>
</Message>

<Message time='13.02.2018 19:34:21.188'>
  <Text>Process: id = 8184 cpu = 00:03:06.4062500, page = 102mb peak = 146mb, virtual = 785mb peak = 804mb, topics = 24</Text>
</Message>

<Message time='13.02.2018 19:58:52.322'>
  <Text>Çàâåðøåí ïîòîê ñ ìåòêîé 'Service'</Text>
</Message>

<Message time='13.02.2018 19:58:52.323'>
  <Text>Process: id = 8184 cpu = 00:03:06.4687500, page = 102mb peak = 146mb, virtual = 788mb peak = 804mb, topics = 24</Text>
</Message>

<!--================================================================================-->

<LogStarting time='13.02.2018 19:59:13.282'/>

<Message time='13.02.2018 19:59:14.334'>
  <Text>Подключения к базам данных успешно созданы</Text>
</Message>

<Message time='13.02.2018 19:59:14.744'>
  <Text>SitemapXmlChecker стартовал: d:\Projects\Basketball\Basketball\sitemap.xml</Text>
</Message>

<Message time='13.02.2018 19:59:14.755'>
  <Text>Process: id = 8184 cpu = 00:03:08.1093750, page = 100mb peak = 146mb, virtual = 790mb peak = 804mb, topics = 0</Text>
</Message>

<Message time='13.02.2018 20:01:08.746'>
  <Text>Çàâåðøåí ïîòîê ñ ìåòêîé 'Service'</Text>
</Message>

<Message time='13.02.2018 20:01:08.748'>
  <Text>Process: id = 8184 cpu = 00:03:09.8906250, page = 108mb peak = 146mb, virtual = 794mb peak = 804mb, topics = 24</Text>
</Message>

<!--================================================================================-->

<LogStarting time='13.02.2018 20:01:14.258'/>

<Message time='13.02.2018 20:01:14.922'>
  <Text>Подключения к базам данных успешно созданы</Text>
</Message>

<Message time='13.02.2018 20:01:15.165'>
  <Text>SitemapXmlChecker стартовал: d:\Projects\Basketball\Basketball\sitemap.xml</Text>
</Message>

<Message time='13.02.2018 20:01:15.175'>
  <Text>Process: id = 8184 cpu = 00:03:11.3437500, page = 107mb peak = 146mb, virtual = 795mb peak = 804mb, topics = 0</Text>
</Message>

<Message time='13.02.2018 20:04:15.161'>
  <Text>sitemap.xml успешно обновлен</Text>
</Message>

<Message time='13.02.2018 20:09:36.205'>
  <Text>Çàâåðøåí ïîòîê ñ ìåòêîé 'Service'</Text>
</Message>

<Message time='13.02.2018 20:09:36.208'>
  <Text>Process: id = 8184 cpu = 00:03:13.6250000, page = 122mb peak = 146mb, virtual = 796mb peak = 804mb, topics = 24</Text>
</Message>

<!--================================================================================-->

<LogStarting time='13.02.2018 20:09:40.580'/>

<Message time='13.02.2018 20:09:41.300'>
  <Text>Подключения к базам данных успешно созданы</Text>
</Message>

<Message time='13.02.2018 20:09:41.608'>
  <Text>SitemapXmlChecker стартовал: d:\Projects\Basketball\Basketball\sitemap.xml</Text>
</Message>

<Message time='13.02.2018 20:09:41.615'>
  <Text>Process: id = 8184 cpu = 00:03:15.0781250, page = 120mb peak = 146mb, virtual = 798mb peak = 804mb, topics = 0</Text>
</Message>

<Message time='13.02.2018 20:12:12.320'>
  <Text>Çàâåðøåí ïîòîê ñ ìåòêîé 'Service'</Text>
</Message>

<Message time='13.02.2018 20:12:12.321'>
  <Text>Process: id = 8184 cpu = 00:03:16.8125000, page = 125mb peak = 146mb, virtual = 799mb peak = 804mb, topics = 24</Text>
</Message>

<!--================================================================================-->

<LogStarting time='13.02.2018 20:12:15.032'/>

<Message time='13.02.2018 20:12:15.957'>
  <Text>Подключения к базам данных успешно созданы</Text>
</Message>

<Message time='13.02.2018 20:12:16.282'>
  <Text>SitemapXmlChecker стартовал: d:\Projects\Basketball\Basketball\sitemap.xml</Text>
</Message>

<Message time='13.02.2018 20:12:16.296'>
  <Text>Process: id = 8184 cpu = 00:03:18.4375000, page = 123mb peak = 146mb, virtual = 801mb peak = 804mb, topics = 0</Text>
</Message>

<Message time='13.02.2018 20:13:07.539'>
  <Text>Çàâåðøåí ïîòîê ñ ìåòêîé 'Service'</Text>
</Message>

<Message time='13.02.2018 20:13:07.541'>
  <Text>Process: id = 8184 cpu = 00:03:19.7656250, page = 130mb peak = 146mb, virtual = 801mb peak = 804mb, topics = 10</Text>
</Message>

<!--================================================================================-->

<LogStarting time='13.02.2018 20:13:09.525'/>

<Message time='13.02.2018 20:13:10.589'>
  <Text>Подключения к базам данных успешно созданы</Text>
</Message>

<Message time='13.02.2018 20:13:10.822'>
  <Text>SitemapXmlChecker стартовал: d:\Projects\Basketball\Basketball\sitemap.xml</Text>
</Message>

<Message time='13.02.2018 20:13:10.831'>
  <Text>Process: id = 8184 cpu = 00:03:21.5781250, page = 111mb peak = 146mb, virtual = 792mb peak = 804mb, topics = 0</Text>
</Message>

<Message time='13.02.2018 20:13:43.356'>
  <Text>Çàâåðøåí ïîòîê ñ ìåòêîé 'Service'</Text>
</Message>

<Message time='13.02.2018 20:13:43.358'>
  <Text>Process: id = 8184 cpu = 00:03:22.9218750, page = 116mb peak = 146mb, virtual = 794mb peak = 804mb, topics = 10</Text>
</Message>

<!--================================================================================-->

<LogStarting time='13.02.2018 20:13:45.388'/>

<Message time='13.02.2018 20:13:46.346'>
  <Text>Подключения к базам данных успешно созданы</Text>
</Message>

<Message time='13.02.2018 20:13:46.593'>
  <Text>SitemapXmlChecker стартовал: d:\Projects\Basketball\Basketball\sitemap.xml</Text>
</Message>

<Message time='13.02.2018 20:13:46.602'>
  <Text>Process: id = 8184 cpu = 00:03:24.5937500, page = 111mb peak = 146mb, virtual = 793mb peak = 804mb, topics = 0</Text>
</Message>

<Message time='13.02.2018 20:14:34.741'>
  <Text>Çàâåðøåí ïîòîê ñ ìåòêîé 'Service'</Text>
</Message>

<Message time='13.02.2018 20:14:34.743'>
  <Text>Process: id = 8184 cpu = 00:03:26.1406250, page = 116mb peak = 146mb, virtual = 794mb peak = 804mb, topics = 10</Text>
</Message>

<!--================================================================================-->

<LogStarting time='13.02.2018 20:14:36.698'/>

<Message time='13.02.2018 20:14:37.738'>
  <Text>Подключения к базам данных успешно созданы</Text>
</Message>

<Message time='13.02.2018 20:14:38.043'>
  <Text>SitemapXmlChecker стартовал: d:\Projects\Basketball\Basketball\sitemap.xml</Text>
</Message>

<Message time='13.02.2018 20:14:38.053'>
  <Text>Process: id = 8184 cpu = 00:03:27.8125000, page = 119mb peak = 146mb, virtual = 797mb peak = 804mb, topics = 0</Text>
</Message>

<Message time='13.02.2018 20:16:20.570'>
  <Text>Çàâåðøåí ïîòîê ñ ìåòêîé 'Service'</Text>
</Message>

<Message time='13.02.2018 20:16:20.572'>
  <Text>Process: id = 8184 cpu = 00:03:29.6093750, page = 122mb peak = 146mb, virtual = 797mb peak = 804mb, topics = 24</Text>
</Message>

<!--================================================================================-->

<LogStarting time='13.02.2018 20:16:22.400'/>

<Message time='13.02.2018 20:16:23.426'>
  <Text>Подключения к базам данных успешно созданы</Text>
</Message>

<Message time='13.02.2018 20:16:23.801'>
  <Text>SitemapXmlChecker стартовал: d:\Projects\Basketball\Basketball\sitemap.xml</Text>
</Message>

<Message time='13.02.2018 20:16:23.900'>
  <Text>Process: id = 8184 cpu = 00:03:31.3437500, page = 124mb peak = 146mb, virtual = 800mb peak = 804mb, topics = 0</Text>
</Message>

<Message time='13.02.2018 20:17:07.881'>
  <Text>Çàâåðøåí ïîòîê ñ ìåòêîé 'Service'</Text>
</Message>

<Message time='13.02.2018 20:17:07.883'>
  <Text>Process: id = 8184 cpu = 00:03:32.9843750, page = 127mb peak = 146mb, virtual = 800mb peak = 804mb, topics = 24</Text>
</Message>

<!--================================================================================-->

<LogStarting time='13.02.2018 20:17:09.778'/>

<Message time='13.02.2018 20:17:10.806'>
  <Text>Подключения к базам данных успешно созданы</Text>
</Message>

<Message time='13.02.2018 20:17:11.097'>
  <Text>SitemapXmlChecker стартовал: d:\Projects\Basketball\Basketball\sitemap.xml</Text>
</Message>

<Message time='13.02.2018 20:17:11.108'>
  <Text>Process: id = 8184 cpu = 00:03:34.6406250, page = 132mb peak = 146mb, virtual = 803mb peak = 804mb, topics = 0</Text>
</Message>

<Message time='13.02.2018 20:17:33.492'>
  <Text>Çàâåðøåí ïîòîê ñ ìåòêîé 'Service'</Text>
</Message>

<Message time='13.02.2018 20:17:33.494'>
  <Text>Process: id = 8184 cpu = 00:03:36.3281250, page = 134mb peak = 146mb, virtual = 803mb peak = 805mb, topics = 10</Text>
</Message>

<!--================================================================================-->

<LogStarting time='13.02.2018 20:17:35.816'/>

<Message time='13.02.2018 20:17:36.622'>
  <Text>Подключения к базам данных успешно созданы</Text>
</Message>

<Message time='13.02.2018 20:17:36.899'>
  <Text>SitemapXmlChecker стартовал: d:\Projects\Basketball\Basketball\sitemap.xml</Text>
</Message>

<Message time='13.02.2018 20:17:36.908'>
  <Text>Process: id = 8184 cpu = 00:03:37.9843750, page = 115mb peak = 146mb, virtual = 793mb peak = 805mb, topics = 0</Text>
</Message>

<Message time='13.02.2018 20:27:16.849'>
  <Text>Çàâåðøåí ïîòîê ñ ìåòêîé 'Service'</Text>
</Message>

<Message time='13.02.2018 20:27:16.851'>
  <Text>Process: id = 8184 cpu = 00:03:39.8125000, page = 120mb peak = 146mb, virtual = 794mb peak = 805mb, topics = 24</Text>
</Message>

<!--================================================================================-->

<LogStarting time='13.02.2018 20:28:02.842'/>

<Message time='13.02.2018 20:28:03.496'>
  <Text>Подключения к базам данных успешно созданы</Text>
</Message>

<Message time='13.02.2018 20:28:03.737'>
  <Text>SitemapXmlChecker стартовал: d:\Projects\Basketball\Basketball\sitemap.xml</Text>
</Message>

<Message time='13.02.2018 20:28:03.747'>
  <Text>Process: id = 8184 cpu = 00:03:41.1718750, page = 119mb peak = 146mb, virtual = 792mb peak = 805mb, topics = 0</Text>
</Message>

<Message time='13.02.2018 20:31:57.000'>
  <Text>Çàâåðøåí ïîòîê ñ ìåòêîé 'Service'</Text>
</Message>

<Message time='13.02.2018 20:31:57.002'>
  <Text>Process: id = 8184 cpu = 00:03:42.8906250, page = 124mb peak = 146mb, virtual = 795mb peak = 805mb, topics = 24</Text>
</Message>

<!--================================================================================-->

<LogStarting time='13.02.2018 20:31:59.940'/>

<Message time='13.02.2018 20:32:00.615'>
  <Text>Подключения к базам данных успешно созданы</Text>
</Message>

<Message time='13.02.2018 20:32:00.861'>
  <Text>SitemapXmlChecker стартовал: d:\Projects\Basketball\Basketball\sitemap.xml</Text>
</Message>

<Message time='13.02.2018 20:32:01.069'>
  <Text>sitemap.xml успешно обновлен</Text>
</Message>

<Message time='13.02.2018 20:32:01.079'>
  <Text>Process: id = 8184 cpu = 00:03:44.7500000, page = 124mb peak = 146mb, virtual = 797mb peak = 805mb, topics = 0</Text>
</Message>

<Message time='13.02.2018 20:51:06.097'>
  <Text>Çàâåðøåí ïîòîê ñ ìåòêîé 'Service'</Text>
</Message>

<Message time='13.02.2018 20:51:06.098'>
  <Text>Process: id = 8184 cpu = 00:03:46.0781250, page = 111mb peak = 146mb, virtual = 789mb peak = 805mb, topics = 10</Text>
</Message>

<!--================================================================================-->

<LogStarting time='13.02.2018 20:51:12.045'/>

<Message time='13.02.2018 20:51:12.663'>
  <Text>Подключения к базам данных успешно созданы</Text>
</Message>

<Message time='13.02.2018 20:51:12.970'>
  <Text>SitemapXmlChecker стартовал: d:\Projects\Basketball\Basketball\sitemap.xml</Text>
</Message>

<Message time='13.02.2018 20:51:12.981'>
  <Text>Process: id = 8184 cpu = 00:03:47.5468750, page = 110mb peak = 146mb, virtual = 791mb peak = 805mb, topics = 0</Text>
</Message>

<Message time='13.02.2018 20:54:44.665'>
  <Text>Çàâåðøåí ïîòîê ñ ìåòêîé 'Service'</Text>
</Message>

<Message time='13.02.2018 20:54:44.667'>
  <Text>Process: id = 8184 cpu = 00:03:48.9218750, page = 113mb peak = 146mb, virtual = 792mb peak = 805mb, topics = 10</Text>
</Message>

<!--================================================================================-->

<LogStarting time='13.02.2018 20:54:46.369'/>

<Message time='13.02.2018 20:54:47.224'>
  <Text>Подключения к базам данных успешно созданы</Text>
</Message>

<Message time='13.02.2018 20:54:47.504'>
  <Text>SitemapXmlChecker стартовал: d:\Projects\Basketball\Basketball\sitemap.xml</Text>
</Message>

<Message time='13.02.2018 20:54:47.514'>
  <Text>Process: id = 8184 cpu = 00:03:50.4531250, page = 112mb peak = 146mb, virtual = 794mb peak = 805mb, topics = 0</Text>
</Message>

<Message time='13.02.2018 20:55:22.488'>
  <Text>Çàâåðøåí ïîòîê ñ ìåòêîé 'Service'</Text>
</Message>

<Message time='13.02.2018 20:55:22.490'>
  <Text>Process: id = 8184 cpu = 00:03:52.0625000, page = 117mb peak = 146mb, virtual = 796mb peak = 805mb, topics = 10</Text>
</Message>

<!--================================================================================-->

<LogStarting time='13.02.2018 20:55:24.302'/>

<Message time='13.02.2018 20:55:25.245'>
  <Text>Подключения к базам данных успешно созданы</Text>
</Message>

<Message time='13.02.2018 20:55:25.524'>
  <Text>SitemapXmlChecker стартовал: d:\Projects\Basketball\Basketball\sitemap.xml</Text>
</Message>

<Message time='13.02.2018 20:55:25.536'>
  <Text>Process: id = 8184 cpu = 00:03:53.7031250, page = 119mb peak = 146mb, virtual = 797mb peak = 805mb, topics = 0</Text>
</Message>

<Message time='13.02.2018 20:56:00.260'>
  <Text>Çàâåðøåí ïîòîê ñ ìåòêîé 'Service'</Text>
</Message>

<Message time='13.02.2018 20:56:00.262'>
  <Text>Process: id = 8184 cpu = 00:03:55.8281250, page = 120mb peak = 146mb, virtual = 798mb peak = 805mb, topics = 24</Text>
</Message>

<!--================================================================================-->

<LogStarting time='13.02.2018 20:56:02.573'/>

<Message time='13.02.2018 20:56:03.388'>
  <Text>Подключения к базам данных успешно созданы</Text>
</Message>

<Message time='13.02.2018 20:56:03.636'>
  <Text>SitemapXmlChecker стартовал: d:\Projects\Basketball\Basketball\sitemap.xml</Text>
</Message>

<Message time='13.02.2018 20:56:03.647'>
  <Text>Process: id = 8184 cpu = 00:03:57.3437500, page = 121mb peak = 146mb, virtual = 801mb peak = 805mb, topics = 0</Text>
</Message>

<Message time='13.02.2018 20:57:35.370'>
  <Text>Çàâåðøåí ïîòîê ñ ìåòêîé 'Service'</Text>
</Message>

<Message time='13.02.2018 20:57:35.372'>
  <Text>Process: id = 8184 cpu = 00:03:59.3750000, page = 130mb peak = 146mb, virtual = 801mb peak = 805mb, topics = 24</Text>
</Message>

<!--================================================================================-->

<LogStarting time='13.02.2018 21:05:25.293'/>

<Message time='13.02.2018 21:05:26.092'>
  <Text>Подключения к базам данных успешно созданы</Text>
</Message>

<Message time='13.02.2018 21:05:26.362'>
  <Text>SitemapXmlChecker стартовал: d:\Projects\Basketball\Basketball\sitemap.xml</Text>
</Message>

<Message time='13.02.2018 21:05:26.372'>
  <Text>Process: id = 8184 cpu = 00:04:00.9218750, page = 128mb peak = 146mb, virtual = 801mb peak = 805mb, topics = 0</Text>
</Message>

<Message time='13.02.2018 21:06:06.744'>
  <Text>Çàâåðøåí ïîòîê ñ ìåòêîé 'Service'</Text>
</Message>

<Message time='13.02.2018 21:06:06.746'>
  <Text>Process: id = 8184 cpu = 00:04:02.8281250, page = 121mb peak = 146mb, virtual = 789mb peak = 805mb, topics = 24</Text>
</Message>

<!--================================================================================-->

<LogStarting time='13.02.2018 22:06:01.835'/>

<Message time='13.02.2018 22:06:02.860'>
  <Text>Подключения к базам данных успешно созданы</Text>
</Message>

<Message time='13.02.2018 22:06:03.329'>
  <Text>SitemapXmlChecker стартовал: d:\Projects\Basketball\Basketball\sitemap.xml</Text>
</Message>

<Message time='13.02.2018 22:06:03.336'>
  <Text>Process: id = 8184 cpu = 00:04:03.7187500, page = 112mb peak = 146mb, virtual = 786mb peak = 805mb, topics = 0</Text>
</Message>

<Message time='13.02.2018 22:09:03.334'>
  <Text>sitemap.xml успешно обновлен</Text>
</Message>

<Message time='13.02.2018 23:06:03.333'>
  <Text>Process: id = 8184 cpu = 00:04:05.3593750, page = 104mb peak = 146mb, virtual = 783mb peak = 805mb, topics = 24</Text>
</Message>

<Message time='14.02.2018 08:27:39.310'>
  <Text>Process: id = 8184 cpu = 00:04:05.4843750, page = 104mb peak = 146mb, virtual = 784mb peak = 805mb, topics = 24</Text>
</Message>

<Message time='14.02.2018 09:27:39.309'>
  <Text>Process: id = 8184 cpu = 00:04:05.7500000, page = 104mb peak = 146mb, virtual = 785mb peak = 805mb, topics = 24</Text>
</Message>

<Message time='14.02.2018 10:27:39.307'>
  <Text>Process: id = 8184 cpu = 00:04:05.7812500, page = 105mb peak = 146mb, virtual = 785mb peak = 805mb, topics = 24</Text>
</Message>

<Message time='14.02.2018 11:27:39.307'>
  <Text>Process: id = 8184 cpu = 00:04:05.8593750, page = 105mb peak = 146mb, virtual = 785mb peak = 805mb, topics = 24</Text>
</Message>

<Message time='14.02.2018 12:27:39.307'>
  <Text>Process: id = 8184 cpu = 00:04:05.9843750, page = 105mb peak = 146mb, virtual = 786mb peak = 805mb, topics = 24</Text>
</Message>

<Message time='14.02.2018 13:27:39.308'>
  <Text>Process: id = 8184 cpu = 00:04:06.0625000, page = 105mb peak = 146mb, virtual = 785mb peak = 805mb, topics = 24</Text>
</Message>

<Message time='14.02.2018 14:27:39.309'>
  <Text>Process: id = 8184 cpu = 00:04:06.1718750, page = 106mb peak = 146mb, virtual = 786mb peak = 805mb, topics = 24</Text>
</Message>

<Message time='14.02.2018 15:27:39.307'>
  <Text>Process: id = 8184 cpu = 00:04:06.2656250, page = 107mb peak = 146mb, virtual = 786mb peak = 805mb, topics = 24</Text>
</Message>

<Message time='14.02.2018 16:27:39.306'>
  <Text>Process: id = 8184 cpu = 00:04:06.3593750, page = 107mb peak = 146mb, virtual = 785mb peak = 805mb, topics = 24</Text>
</Message>

<Message time='14.02.2018 17:27:39.306'>
  <Text>Process: id = 8184 cpu = 00:04:09.6875000, page = 108mb peak = 146mb, virtual = 785mb peak = 805mb, topics = 24</Text>
</Message>

<Message time='14.02.2018 18:27:39.333'>
  <Text>Process: id = 8184 cpu = 00:04:09.7656250, page = 108mb peak = 146mb, virtual = 785mb peak = 805mb, topics = 24</Text>
</Message>

<Message time='14.02.2018 19:27:39.307'>
  <Text>Process: id = 8184 cpu = 00:04:09.7812500, page = 108mb peak = 146mb, virtual = 787mb peak = 805mb, topics = 24</Text>
</Message>

<Message time='14.02.2018 20:27:39.308'>
  <Text>Process: id = 8184 cpu = 00:04:09.7968750, page = 108mb peak = 146mb, virtual = 786mb peak = 805mb, topics = 24</Text>
</Message>

<Message time='14.02.2018 21:27:39.308'>
  <Text>Process: id = 8184 cpu = 00:04:09.8593750, page = 108mb peak = 146mb, virtual = 787mb peak = 805mb, topics = 24</Text>
</Message>

<Message time='14.02.2018 22:27:39.311'>
  <Text>Process: id = 8184 cpu = 00:04:11.8281250, page = 108mb peak = 146mb, virtual = 787mb peak = 805mb, topics = 24</Text>
</Message>

<Message time='14.02.2018 23:27:39.309'>
  <Text>Process: id = 8184 cpu = 00:04:16.7812500, page = 108mb peak = 146mb, virtual = 787mb peak = 805mb, topics = 24</Text>
</Message>

<Message time='15.02.2018 00:27:39.310'>
  <Text>Process: id = 8184 cpu = 00:04:20.4062500, page = 108mb peak = 146mb, virtual = 786mb peak = 805mb, topics = 24</Text>
</Message>

<Message time='15.02.2018 09:26:34.612'>
  <Text>Process: id = 8184 cpu = 00:04:20.4062500, page = 108mb peak = 146mb, virtual = 787mb peak = 805mb, topics = 24</Text>
</Message>

<Message time='15.02.2018 10:26:34.630'>
  <Text>Process: id = 8184 cpu = 00:04:20.6250000, page = 108mb peak = 146mb, virtual = 787mb peak = 805mb, topics = 24</Text>
</Message>

<Message time='15.02.2018 11:26:34.611'>
  <Text>Process: id = 8184 cpu = 00:04:20.6875000, page = 108mb peak = 146mb, virtual = 787mb peak = 805mb, topics = 24</Text>
</Message>

<Message time='15.02.2018 12:26:34.635'>
  <Text>Process: id = 8184 cpu = 00:04:20.7343750, page = 108mb peak = 146mb, virtual = 787mb peak = 805mb, topics = 24</Text>
</Message>

<Message time='15.02.2018 13:26:34.661'>
  <Text>Process: id = 8184 cpu = 00:04:20.9062500, page = 109mb peak = 146mb, virtual = 787mb peak = 805mb, topics = 24</Text>
</Message>

<Message time='15.02.2018 14:26:34.656'>
  <Text>Process: id = 8184 cpu = 00:04:21.0625000, page = 109mb peak = 146mb, virtual = 788mb peak = 805mb, topics = 24</Text>
</Message>

<Message time='15.02.2018 15:26:34.610'>
  <Text>Process: id = 8184 cpu = 00:04:21.1093750, page = 109mb peak = 146mb, virtual = 787mb peak = 805mb, topics = 24</Text>
</Message>

<Message time='15.02.2018 16:26:34.610'>
  <Text>Process: id = 8184 cpu = 00:04:22.6562500, page = 109mb peak = 146mb, virtual = 787mb peak = 805mb, topics = 24</Text>
</Message>

<Message time='15.02.2018 17:26:34.609'>
  <Text>Process: id = 8184 cpu = 00:04:25.8281250, page = 109mb peak = 146mb, virtual = 787mb peak = 805mb, topics = 24</Text>
</Message>

<Message time='15.02.2018 18:26:34.610'>
  <Text>Process: id = 8184 cpu = 00:04:27.0781250, page = 109mb peak = 146mb, virtual = 787mb peak = 805mb, topics = 24</Text>
</Message>

<Message time='15.02.2018 19:26:34.609'>
  <Text>Process: id = 8184 cpu = 00:04:27.2812500, page = 109mb peak = 146mb, virtual = 787mb peak = 805mb, topics = 24</Text>
</Message>

<Message time='15.02.2018 20:26:34.609'>
  <Text>Process: id = 8184 cpu = 00:04:29, page = 109mb peak = 146mb, virtual = 787mb peak = 805mb, topics = 24</Text>
</Message>

<Message time='15.02.2018 21:26:34.609'>
  <Text>Process: id = 8184 cpu = 00:04:29.4062500, page = 109mb peak = 146mb, virtual = 787mb peak = 805mb, topics = 24</Text>
</Message>

<Message time='15.02.2018 22:26:34.608'>
  <Text>Process: id = 8184 cpu = 00:04:35.8750000, page = 109mb peak = 146mb, virtual = 787mb peak = 805mb, topics = 24</Text>
</Message>

<Message time='15.02.2018 23:26:34.609'>
  <Text>Process: id = 8184 cpu = 00:04:42.8437500, page = 109mb peak = 146mb, virtual = 787mb peak = 805mb, topics = 24</Text>
</Message>

<Message time='16.02.2018 00:26:34.608'>
  <Text>Process: id = 8184 cpu = 00:04:46.1093750, page = 109mb peak = 146mb, virtual = 787mb peak = 805mb, topics = 24</Text>
</Message>

<Message time='16.02.2018 08:20:25.252'>
  <Text>Process: id = 8184 cpu = 00:04:46.1718750, page = 109mb peak = 146mb, virtual = 789mb peak = 805mb, topics = 24</Text>
</Message>

<Message time='16.02.2018 09:20:25.231'>
  <Text>Process: id = 8184 cpu = 00:04:46.2656250, page = 109mb peak = 146mb, virtual = 788mb peak = 805mb, topics = 24</Text>
</Message>

<Message time='16.02.2018 15:30:30.931'>
  <Text>Process: id = 8184 cpu = 00:04:46.3125000, page = 108mb peak = 146mb, virtual = 784mb peak = 805mb, topics = 24</Text>
</Message>

<Message time='16.02.2018 16:30:30.965'>
  <Text>Process: id = 8184 cpu = 00:04:46.3437500, page = 108mb peak = 146mb, virtual = 785mb peak = 805mb, topics = 24</Text>
</Message>

<Message time='16.02.2018 17:30:30.931'>
  <Text>Process: id = 8184 cpu = 00:04:46.3750000, page = 109mb peak = 146mb, virtual = 786mb peak = 805mb, topics = 24</Text>
</Message>

<Message time='16.02.2018 18:30:30.931'>
  <Text>Process: id = 8184 cpu = 00:04:48.6250000, page = 109mb peak = 146mb, virtual = 786mb peak = 805mb, topics = 24</Text>
</Message>

<Message time='16.02.2018 19:30:30.930'>
  <Text>Process: id = 8184 cpu = 00:04:49.0937500, page = 109mb peak = 146mb, virtual = 787mb peak = 805mb, topics = 24</Text>
</Message>

<Message time='16.02.2018 20:30:30.957'>
  <Text>Process: id = 8184 cpu = 00:04:49.2187500, page = 109mb peak = 146mb, virtual = 787mb peak = 805mb, topics = 24</Text>
</Message>

<Message time='16.02.2018 21:30:31.316'>
  <Text>Process: id = 8184 cpu = 00:04:49.3437500, page = 109mb peak = 146mb, virtual = 787mb peak = 805mb, topics = 24</Text>
</Message>

<Message time='16.02.2018 22:30:30.931'>
  <Text>Process: id = 8184 cpu = 00:04:49.4687500, page = 109mb peak = 146mb, virtual = 786mb peak = 805mb, topics = 24</Text>
</Message>

<Message time='16.02.2018 23:30:30.931'>
  <Text>Process: id = 8184 cpu = 00:04:49.5625000, page = 109mb peak = 146mb, virtual = 786mb peak = 805mb, topics = 24</Text>
</Message>

<Message time='17.02.2018 00:30:30.931'>
  <Text>Process: id = 8184 cpu = 00:04:49.7656250, page = 109mb peak = 146mb, virtual = 786mb peak = 805mb, topics = 24</Text>
</Message>

<Message time='17.02.2018 09:20:02.466'>
  <Text>Process: id = 8184 cpu = 00:04:49.8281250, page = 109mb peak = 146mb, virtual = 787mb peak = 805mb, topics = 24</Text>
</Message>

<Message time='17.02.2018 10:20:02.466'>
  <Text>Process: id = 8184 cpu = 00:04:49.8593750, page = 109mb peak = 146mb, virtual = 785mb peak = 805mb, topics = 24</Text>
</Message>

<Message time='17.02.2018 14:52:30.169'>
  <Text>Process: id = 8184 cpu = 00:04:49.9218750, page = 108mb peak = 146mb, virtual = 784mb peak = 805mb, topics = 24</Text>
</Message>

<Message time='17.02.2018 15:52:30.168'>
  <Text>Process: id = 8184 cpu = 00:04:50.2343750, page = 108mb peak = 146mb, virtual = 783mb peak = 805mb, topics = 24</Text>
</Message>

<Message time='17.02.2018 16:52:30.169'>
  <Text>Process: id = 8184 cpu = 00:04:50.4218750, page = 108mb peak = 146mb, virtual = 783mb peak = 805mb, topics = 24</Text>
</Message>

<Message time='17.02.2018 17:52:30.168'>
  <Text>Process: id = 8184 cpu = 00:04:51.1250000, page = 108mb peak = 146mb, virtual = 784mb peak = 805mb, topics = 24</Text>
</Message>

<Message time='17.02.2018 18:14:31.758'>
  <Text>Çàâåðøåí ïîòîê ñ ìåòêîé 'Service'</Text>
</Message>

<Message time='17.02.2018 18:14:32.548'>
  <Text>Process: id = 8184 cpu = 00:04:52.7343750, page = 114mb peak = 146mb, virtual = 786mb peak = 805mb, topics = 24</Text>
</Message>

<!--================================================================================-->

<LogStarting time='17.02.2018 18:14:50.557'/>

<Message time='17.02.2018 18:14:54.399'>
  <Text>Подключения к базам данных успешно созданы</Text>
</Message>

<Message time='17.02.2018 18:14:55.318'>
  <Text>SitemapXmlChecker стартовал: d:\Projects\Basketball\Basketball\sitemap.xml</Text>
</Message>

<Message time='17.02.2018 18:14:55.415'>
  <Text>Process: id = 8184 cpu = 00:04:54.3281250, page = 115mb peak = 146mb, virtual = 790mb peak = 805mb, topics = 0</Text>
</Message>

<Message time='17.02.2018 18:15:03.023'>
  <Text>Json: {
  "value": "",
  "checked": false,
  "data": {
    "command": "comment_add"
  },
  "event": {
    "type": "click",
    "bubbles": true,
    "cancelable": true,
    "eventPhase": 2,
    "timeStamp": 26716.0000000149,
    "button": 0,
    "clientX": 125,
    "clientY": 475,
    "screenX": 125,
    "screenY": 541,
    "which": 1,
    "altKey": false,
    "ctrlKey": false,
    "metaKey": false,
    "shiftKey": false
  }
}</Text>
</Message>

<Message time='17.02.2018 18:15:18.026'>
  <Text>Json: {
  "value": "",
  "checked": false,
  "data": {
    "name": "commentData",
    "id": "commentData",
    "commentContent": "ТестjQuery1102048701640889111975_1518873297560Т",
    "command": "comment_add_save",
    "container": "commentData"
  },
  "event": {
    "type": "click",
    "bubbles": true,
    "cancelable": true,
    "eventPhase": 2,
    "timeStamp": 41884.000000078231,
    "button": 0,
    "clientX": 75,
    "clientY": 477,
    "screenX": 75,
    "screenY": 543,
    "which": 1,
    "altKey": false,
    "ctrlKey": false,
    "metaKey": false,
    "shiftKey": false
  }
}</Text>
</Message>

<Message time='17.02.2018 18:17:55.763'>
  <Text>sitemap.xml успешно обновлен</Text>
</Message>

<Message time='17.02.2018 19:14:55.366'>
  <Text>Process: id = 8184 cpu = 00:04:56.2187500, page = 102mb peak = 146mb, virtual = 788mb peak = 805mb, topics = 10</Text>
</Message>

<Message time='17.02.2018 20:14:55.415'>
  <Text>Process: id = 8184 cpu = 00:04:56.4062500, page = 102mb peak = 146mb, virtual = 789mb peak = 805mb, topics = 10</Text>
</Message>

<Message time='17.02.2018 21:14:55.409'>
  <Text>Process: id = 8184 cpu = 00:04:56.5625000, page = 102mb peak = 146mb, virtual = 790mb peak = 805mb, topics = 10</Text>
</Message>

<Message time='17.02.2018 22:14:55.364'>
  <Text>Process: id = 8184 cpu = 00:04:56.8750000, page = 102mb peak = 146mb, virtual = 789mb peak = 805mb, topics = 10</Text>
</Message>

<Message time='17.02.2018 23:14:55.413'>
  <Text>Process: id = 8184 cpu = 00:04:57.2343750, page = 102mb peak = 146mb, virtual = 789mb peak = 805mb, topics = 10</Text>
</Message>

<Message time='18.02.2018 08:37:14.820'>
  <Text>Process: id = 8184 cpu = 00:04:57.4531250, page = 102mb peak = 146mb, virtual = 789mb peak = 805mb, topics = 10</Text>
</Message>

<Message time='18.02.2018 09:37:14.823'>
  <Text>Process: id = 8184 cpu = 00:04:57.5156250, page = 102mb peak = 146mb, virtual = 789mb peak = 805mb, topics = 10</Text>
</Message>

<Message time='18.02.2018 10:37:14.825'>
  <Text>Process: id = 8184 cpu = 00:04:57.5625000, page = 102mb peak = 146mb, virtual = 789mb peak = 805mb, topics = 10</Text>
</Message>

<Message time='18.02.2018 11:37:14.803'>
  <Text>Process: id = 8184 cpu = 00:04:57.5781250, page = 102mb peak = 146mb, virtual = 790mb peak = 805mb, topics = 10</Text>
</Message>

<Message time='18.02.2018 12:37:14.817'>
  <Text>Process: id = 8184 cpu = 00:04:57.6406250, page = 102mb peak = 146mb, virtual = 790mb peak = 805mb, topics = 10</Text>
</Message>

<Message time='18.02.2018 13:37:14.867'>
  <Text>Process: id = 8184 cpu = 00:04:57.7343750, page = 102mb peak = 146mb, virtual = 789mb peak = 805mb, topics = 10</Text>
</Message>

<Message time='18.02.2018 14:17:07.263'>
  <Text>Çàâåðøåí ïîòîê ñ ìåòêîé 'Service'</Text>
</Message>

<Message time='18.02.2018 14:17:07.397'>
  <Text>Process: id = 8184 cpu = 00:04:57.8281250, page = 102mb peak = 146mb, virtual = 790mb peak = 805mb, topics = 10</Text>
</Message>

<!--================================================================================-->

<LogStarting time='18.02.2018 14:17:19.216'/>

<Message time='18.02.2018 14:17:21.203'>
  <Text>Подключения к базам данных успешно созданы</Text>
</Message>

<Message time='18.02.2018 14:17:21.883'>
  <Text>SitemapXmlChecker стартовал: d:\Projects\Basketball\Basketball\sitemap.xml</Text>
</Message>

<Message time='18.02.2018 14:17:22.183'>
  <Text>Process: id = 8184 cpu = 00:04:59.0625000, page = 99mb peak = 146mb, virtual = 794mb peak = 805mb, topics = 0</Text>
</Message>

<Message time='18.02.2018 14:19:29.815'>
  <Text>Çàâåðøåí ïîòîê ñ ìåòêîé 'Service'</Text>
</Message>

<Message time='18.02.2018 14:19:29.841'>
  <Text>Process: id = 8184 cpu = 00:05:00.9218750, page = 105mb peak = 146mb, virtual = 795mb peak = 805mb, topics = 24</Text>
</Message>

<!--================================================================================-->

<LogStarting time='18.02.2018 14:19:34.084'/>

<Message time='18.02.2018 14:19:34.708'>
  <Text>Подключения к базам данных успешно созданы</Text>
</Message>

<Message time='18.02.2018 14:19:34.972'>
  <Text>SitemapXmlChecker стартовал: d:\Projects\Basketball\Basketball\sitemap.xml</Text>
</Message>

<Message time='18.02.2018 14:19:34.991'>
  <Text>Process: id = 8184 cpu = 00:05:02.2656250, page = 100mb peak = 146mb, virtual = 794mb peak = 805mb, topics = 0</Text>
</Message>

<Message time='18.02.2018 14:22:19.329'>
  <Text>Çàâåðøåí ïîòîê ñ ìåòêîé 'Service'</Text>
</Message>

<Message time='18.02.2018 14:22:19.331'>
  <Text>Process: id = 8184 cpu = 00:05:04.9687500, page = 108mb peak = 146mb, virtual = 795mb peak = 805mb, topics = 24</Text>
</Message>

